<?xml version="1.0" encoding="UTF-8"?>
<robot generator="Robot 4.1 (Python 3.6.8 on win32)" generated="20220328 21:33:27.729" rpa="false" schemaversion="2">
<suite id="s1" name="TestSuite" source="C:\temp\api\Test_Docker\TestSuite">
<suite id="s1-s1" name="SimpleSeleniumUI" source="C:\temp\api\Test_Docker\TestSuite\SimpleSeleniumUI.robot">
<test id="s1-s1-t1" name="Heroku Login chrome headless">
<kw name="Evaluate" library="BuiltIn">
<var>${chrome_options}</var>
<arg>sys.modules['selenium.webdriver'].ChromeOptions()</arg>
<arg>sys, selenium.webdriver</arg>
<doc>Evaluates the given expression in Python and returns the result.</doc>
<msg timestamp="20220328 21:33:28.531" level="INFO">${chrome_options} = &lt;selenium.webdriver.chrome.options.Options object at 0x000001C30CCE0FD0&gt;</msg>
<status status="PASS" starttime="20220328 21:33:28.531" endtime="20220328 21:33:28.531"/>
</kw>
<kw name="Call Method" library="BuiltIn">
<arg>${chrome_options}</arg>
<arg>add_argument</arg>
<arg>headless</arg>
<doc>Calls the named method of the given object with the provided arguments.</doc>
<status status="PASS" starttime="20220328 21:33:28.532" endtime="20220328 21:33:28.532"/>
</kw>
<kw name="Call Method" library="BuiltIn">
<arg>${chrome_options}</arg>
<arg>add_argument</arg>
<arg>no-sandbox</arg>
<doc>Calls the named method of the given object with the provided arguments.</doc>
<status status="PASS" starttime="20220328 21:33:28.534" endtime="20220328 21:33:28.534"/>
</kw>
<kw name="Call Method" library="BuiltIn">
<arg>${chrome_options}</arg>
<arg>add_argument</arg>
<arg>disable-dev-shm-usage</arg>
<doc>Calls the named method of the given object with the provided arguments.</doc>
<status status="PASS" starttime="20220328 21:33:28.535" endtime="20220328 21:33:28.535"/>
</kw>
<kw name="Call Method" library="BuiltIn">
<var>${options}</var>
<arg>${chrome_options}</arg>
<arg>to_capabilities</arg>
<doc>Calls the named method of the given object with the provided arguments.</doc>
<msg timestamp="20220328 21:33:28.536" level="INFO">${options} = {'browserName': 'chrome', 'version': '', 'platform': 'ANY', 'goog:chromeOptions': {'extensions': [], 'args': ['headless', 'no-sandbox', 'disable-dev-shm-usage']}}</msg>
<status status="PASS" starttime="20220328 21:33:28.535" endtime="20220328 21:33:28.536"/>
</kw>
<kw name="Open Browser" library="SeleniumLibrary">
<arg>http://the-internet.herokuapp.com/login</arg>
<arg>browser=chrome</arg>
<arg>desired_capabilities=${options}</arg>
<doc>Opens a new browser instance to the optional ``url``.</doc>
<msg timestamp="20220328 21:33:28.537" level="INFO">Opening browser 'chrome' to base url 'http://the-internet.herokuapp.com/login'.</msg>
<status status="PASS" starttime="20220328 21:33:28.536" endtime="20220328 21:33:35.038"/>
</kw>
<kw name="Input Text" library="SeleniumLibrary">
<arg>//input[@id='username']</arg>
<arg>tomsmith</arg>
<doc>Types the given ``text`` into the text field identified by ``locator``.</doc>
<msg timestamp="20220328 21:33:35.041" level="INFO">Typing text 'tomsmith' into text field '//input[@id='username']'.</msg>
<status status="PASS" starttime="20220328 21:33:35.039" endtime="20220328 21:33:35.186"/>
</kw>
<kw name="Input Text" library="SeleniumLibrary">
<arg>//input[@id='password']</arg>
<arg>SuperSecretPassword!</arg>
<doc>Types the given ``text`` into the text field identified by ``locator``.</doc>
<msg timestamp="20220328 21:33:35.188" level="INFO">Typing text 'SuperSecretPassword!' into text field '//input[@id='password']'.</msg>
<status status="PASS" starttime="20220328 21:33:35.188" endtime="20220328 21:33:35.322"/>
</kw>
<kw name="Click Button" library="SeleniumLibrary">
<arg>Login</arg>
<doc>Clicks the button identified by ``locator``.</doc>
<msg timestamp="20220328 21:33:35.324" level="INFO">Clicking button 'Login'.</msg>
<status status="PASS" starttime="20220328 21:33:35.323" endtime="20220328 21:33:36.379"/>
</kw>
<kw name="Element Text Should Be" library="SeleniumLibrary">
<arg>//h4</arg>
<arg>Welcome to the Secure Area. When you are done click logout below.</arg>
<arg>Expected message is not shown</arg>
<doc>Verifies that element ``locator`` contains exact the text ``expected``.</doc>
<msg timestamp="20220328 21:33:36.381" level="INFO">Verifying element '//h4' contains exact text 'Welcome to the Secure Area. When you are done click logout below.'.</msg>
<status status="PASS" starttime="20220328 21:33:36.380" endtime="20220328 21:33:36.418"/>
</kw>
<kw name="Capture Page Screenshot" library="SeleniumLibrary">
<doc>Takes a screenshot of the current page and embeds it into a log file.</doc>
<msg timestamp="20220328 21:33:36.510" level="INFO" html="true">&lt;/td&gt;&lt;/tr&gt;&lt;tr&gt;&lt;td colspan="3"&gt;&lt;a href="selenium-screenshot-1.png"&gt;&lt;img src="selenium-screenshot-1.png" width="800px"&gt;&lt;/a&gt;</msg>
<status status="PASS" starttime="20220328 21:33:36.419" endtime="20220328 21:33:36.511"/>
</kw>
<kw name="Click Link" library="SeleniumLibrary">
<arg>Logout</arg>
<doc>Clicks a link identified by ``locator``.</doc>
<msg timestamp="20220328 21:33:36.512" level="INFO">Clicking link 'Logout'.</msg>
<status status="PASS" starttime="20220328 21:33:36.512" endtime="20220328 21:33:37.554"/>
</kw>
<kw name="Capture Page Screenshot" library="SeleniumLibrary">
<doc>Takes a screenshot of the current page and embeds it into a log file.</doc>
<msg timestamp="20220328 21:33:37.688" level="INFO" html="true">&lt;/td&gt;&lt;/tr&gt;&lt;tr&gt;&lt;td colspan="3"&gt;&lt;a href="selenium-screenshot-2.png"&gt;&lt;img src="selenium-screenshot-2.png" width="800px"&gt;&lt;/a&gt;</msg>
<status status="PASS" starttime="20220328 21:33:37.555" endtime="20220328 21:33:37.689"/>
</kw>
<status status="PASS" starttime="20220328 21:33:28.529" endtime="20220328 21:33:37.691"/>
</test>
<status status="PASS" starttime="20220328 21:33:27.785" endtime="20220328 21:33:37.696"/>
</suite>
<status status="PASS" starttime="20220328 21:33:27.732" endtime="20220328 21:33:37.705"/>
</suite>
<statistics>
<total>
<stat pass="1" fail="0" skip="0">All Tests</stat>
</total>
<tag>
</tag>
<suite>
<stat pass="1" fail="0" skip="0" id="s1" name="TestSuite">TestSuite</stat>
<stat pass="1" fail="0" skip="0" id="s1-s1" name="SimpleSeleniumUI">TestSuite.SimpleSeleniumUI</stat>
</suite>
</statistics>
<errors>
</errors>
</robot>
